[2023-12-25T15:17:57.149+0000] {processor.py:157} INFO - Started process (PID=36) to work on /opt/airflow/dags/get_new_tracks.py
[2023-12-25T15:17:57.151+0000] {processor.py:829} INFO - Processing file /opt/airflow/dags/get_new_tracks.py for tasks to queue
[2023-12-25T15:17:57.159+0000] {logging_mixin.py:151} INFO - [2023-12-25T15:17:57.158+0000] {dagbag.py:539} INFO - Filling up the DagBag from /opt/airflow/dags/get_new_tracks.py
[2023-12-25T15:17:57.571+0000] {processor.py:839} INFO - DAG(s) dict_keys(['get_new_tracks']) retrieved from /opt/airflow/dags/get_new_tracks.py
[2023-12-25T15:17:57.638+0000] {logging_mixin.py:151} INFO - [2023-12-25T15:17:57.638+0000] {dag.py:2915} INFO - Sync 1 DAGs
[2023-12-25T15:17:57.662+0000] {logging_mixin.py:151} INFO - [2023-12-25T15:17:57.662+0000] {dag.py:3696} INFO - Setting next_dagrun for get_new_tracks to None, run_after=None
[2023-12-25T15:17:57.704+0000] {processor.py:179} INFO - Processing /opt/airflow/dags/get_new_tracks.py took 0.560 seconds
[2023-12-25T15:18:27.885+0000] {processor.py:157} INFO - Started process (PID=45) to work on /opt/airflow/dags/get_new_tracks.py
[2023-12-25T15:18:27.887+0000] {processor.py:829} INFO - Processing file /opt/airflow/dags/get_new_tracks.py for tasks to queue
[2023-12-25T15:18:27.890+0000] {logging_mixin.py:151} INFO - [2023-12-25T15:18:27.889+0000] {dagbag.py:539} INFO - Filling up the DagBag from /opt/airflow/dags/get_new_tracks.py
[2023-12-25T15:18:27.996+0000] {processor.py:839} INFO - DAG(s) dict_keys(['get_new_tracks']) retrieved from /opt/airflow/dags/get_new_tracks.py
[2023-12-25T15:18:28.025+0000] {logging_mixin.py:151} INFO - [2023-12-25T15:18:28.025+0000] {dag.py:2915} INFO - Sync 1 DAGs
[2023-12-25T15:18:28.038+0000] {logging_mixin.py:151} INFO - [2023-12-25T15:18:28.038+0000] {dag.py:3696} INFO - Setting next_dagrun for get_new_tracks to None, run_after=None
[2023-12-25T15:18:28.059+0000] {processor.py:179} INFO - Processing /opt/airflow/dags/get_new_tracks.py took 0.177 seconds
[2023-12-25T15:18:58.233+0000] {processor.py:157} INFO - Started process (PID=55) to work on /opt/airflow/dags/get_new_tracks.py
[2023-12-25T15:18:58.235+0000] {processor.py:829} INFO - Processing file /opt/airflow/dags/get_new_tracks.py for tasks to queue
[2023-12-25T15:18:58.240+0000] {logging_mixin.py:151} INFO - [2023-12-25T15:18:58.239+0000] {dagbag.py:539} INFO - Filling up the DagBag from /opt/airflow/dags/get_new_tracks.py
[2023-12-25T15:18:58.346+0000] {processor.py:839} INFO - DAG(s) dict_keys(['get_new_tracks']) retrieved from /opt/airflow/dags/get_new_tracks.py
[2023-12-25T15:18:58.391+0000] {logging_mixin.py:151} INFO - [2023-12-25T15:18:58.391+0000] {dag.py:2915} INFO - Sync 1 DAGs
[2023-12-25T15:18:58.412+0000] {logging_mixin.py:151} INFO - [2023-12-25T15:18:58.411+0000] {dag.py:3696} INFO - Setting next_dagrun for get_new_tracks to None, run_after=None
[2023-12-25T15:18:58.441+0000] {processor.py:179} INFO - Processing /opt/airflow/dags/get_new_tracks.py took 0.213 seconds
